<?xml version="1.0" encoding="UTF-8"?>
<!-- Generated by org.testng.reporters.JUnitXMLReporter -->
<testsuite ignored="0" hostname="USKOLTBHATTACH1" failures="0" tests="2" name="Surefire test" time="0.106" errors="0" timestamp="2022-04-29T09:13:44 IST">
  <testcase classname="Categorytest" name="@BeforeTest login" time="-1.651203824424E9">
    <failure type="org.testng.TestNGException" message="
Parameter &amp;apos;username&amp;apos; is required by BeforeTest on method login but has not been marked @Optional or defined
">
      <![CDATA[org.testng.TestNGException: 
Parameter 'username' is required by BeforeTest on method login but has not been marked @Optional or defined

... Removed 26 stack frames]]>
    </failure>
  </testcase> <!-- @BeforeTest login -->
  <testcase classname="Categorytest" name="@AfterTest teardown" time="0.0">
    <skipped/>
  </testcase> <!-- @AfterTest teardown -->
  <testcase classname="Categorytest" name="categoriestest" time="0.0">
    <skipped/>
  </testcase> <!-- categoriestest -->
  <testcase classname="Categorytest" name="fillvaluetest" time="0.0">
    <skipped/>
  </testcase> <!-- fillvaluetest -->
</testsuite> <!-- Surefire test -->
