<?xml version="1.0" encoding="UTF-8"?>
<!-- Generated by org.testng.reporters.JUnitXMLReporter -->
<testsuite ignored="0" hostname="USKOLTBHATTACH1" failures="0" tests="11" name="admin-manage" time="19.311" errors="0" timestamp="2022-04-29T09:16:45 IST">
  <testcase classname="TestClasses.AdminManagerTest" name="@BeforeTest login" time="19.216">
    <failure type="org.openqa.selenium.WebDriverException" message="unknown error: cannot determine loading status
from disconnected: received Inspector.detached event
  (Session info: chrome=100.0.4896.127)
Build info: version: &amp;apos;4.1.2&amp;apos;, revision: &amp;apos;9a5a329c5a&amp;apos;
System info: host: &amp;apos;USKOLTBHATTACH1&amp;apos;, ip: &amp;apos;192.168.33.208&amp;apos;, os.name: &amp;apos;Windows 10&amp;apos;, os.arch: &amp;apos;amd64&amp;apos;, os.version: &amp;apos;10.0&amp;apos;, java.version: &amp;apos;17.0.2&amp;apos;
Driver info: org.openqa.selenium.chrome.ChromeDriver
Command: [bdd9d35ab89c22b043a625c2fc0cbfc7, get {url=https://hu-monitorapp-front-urtjok3rza-wl.a.run.app/login}]
Capabilities {acceptInsecureCerts: false, browserName: chrome, browserVersion: 100.0.4896.127, chrome: {chromedriverVersion: 99.0.4844.51 (d537ec02474b5..., userDataDir: C:\Users\TBHATT~1\AppData\L...}, goog:chromeOptions: {debuggerAddress: localhost:65114}, javascriptEnabled: true, networkConnectionEnabled: false, pageLoadStrategy: normal, platform: WINDOWS, platformName: WINDOWS, proxy: Proxy(), se:cdp: ws://localhost:65114/devtoo..., se:cdpVersion: 100.0.4896.127, setWindowRect: true, strictFileInteractability: false, timeouts: {implicit: 0, pageLoad: 300000, script: 30000}, unhandledPromptBehavior: dismiss and notify, webauthn:extension:credBlob: true, webauthn:extension:largeBlob: true, webauthn:virtualAuthenticators: true}
Session ID: bdd9d35ab89c22b043a625c2fc0cbfc7">
      <![CDATA[org.openqa.selenium.WebDriverException: unknown error: cannot determine loading status
from disconnected: received Inspector.detached event
  (Session info: chrome=100.0.4896.127)
Build info: version: '4.1.2', revision: '9a5a329c5a'
System info: host: 'USKOLTBHATTACH1', ip: '192.168.33.208', os.name: 'Windows 10', os.arch: 'amd64', os.version: '10.0', java.version: '17.0.2'
Driver info: org.openqa.selenium.chrome.ChromeDriver
Command: [bdd9d35ab89c22b043a625c2fc0cbfc7, get {url=https://hu-monitorapp-front-urtjok3rza-wl.a.run.app/login}]
Capabilities {acceptInsecureCerts: false, browserName: chrome, browserVersion: 100.0.4896.127, chrome: {chromedriverVersion: 99.0.4844.51 (d537ec02474b5..., userDataDir: C:\Users\TBHATT~1\AppData\L...}, goog:chromeOptions: {debuggerAddress: localhost:65114}, javascriptEnabled: true, networkConnectionEnabled: false, pageLoadStrategy: normal, platform: WINDOWS, platformName: WINDOWS, proxy: Proxy(), se:cdp: ws://localhost:65114/devtoo..., se:cdpVersion: 100.0.4896.127, setWindowRect: true, strictFileInteractability: false, timeouts: {implicit: 0, pageLoad: 300000, script: 30000}, unhandledPromptBehavior: dismiss and notify, webauthn:extension:credBlob: true, webauthn:extension:largeBlob: true, webauthn:virtualAuthenticators: true}
Session ID: bdd9d35ab89c22b043a625c2fc0cbfc7
at org.openqa.selenium.remote.codec.w3c.W3CHttpResponseCodec.createException(W3CHttpResponseCodec.java:200)
at org.openqa.selenium.remote.codec.w3c.W3CHttpResponseCodec.decode(W3CHttpResponseCodec.java:133)
at org.openqa.selenium.remote.codec.w3c.W3CHttpResponseCodec.decode(W3CHttpResponseCodec.java:53)
at org.openqa.selenium.remote.HttpCommandExecutor.execute(HttpCommandExecutor.java:184)
at org.openqa.selenium.remote.service.DriverCommandExecutor.invokeExecute(DriverCommandExecutor.java:167)
at org.openqa.selenium.remote.service.DriverCommandExecutor.execute(DriverCommandExecutor.java:142)
at org.openqa.selenium.remote.RemoteWebDriver.execute(RemoteWebDriver.java:558)
at org.openqa.selenium.remote.RemoteWebDriver.get(RemoteWebDriver.java:327)
at Base.BaseClass.init(BaseClass.java:51)
at TestClasses.AdminManagerTest.login(AdminManagerTest.java:37)
... Removed 33 stack frames]]>
    </failure>
  </testcase> <!-- @BeforeTest login -->
  <testcase classname="TestClasses.AdminManagerTest" name="@AfterTest closeDriver" time="0.0">
    <skipped/>
  </testcase> <!-- @AfterTest closeDriver -->
  <testcase classname="TestClasses.AdminManagerTest" name="validate_manageTab" time="0.0">
    <skipped/>
  </testcase> <!-- validate_manageTab -->
  <testcase classname="TestClasses.AdminManagerTest" name="userClickability" time="0.0">
    <skipped/>
  </testcase> <!-- userClickability -->
  <testcase classname="TestClasses.AdminManagerTest" name="addUser" time="0.0">
    <skipped/>
  </testcase> <!-- addUser -->
  <testcase classname="TestClasses.AdminManagerTest" name="deleteLastUser" time="0.0">
    <skipped/>
  </testcase> <!-- deleteLastUser -->
  <testcase classname="TestClasses.AdminManagerTest" name="categoryClikability" time="0.0">
    <skipped/>
  </testcase> <!-- categoryClikability -->
  <testcase classname="TestClasses.AdminManagerTest" name="addNewCat" time="0.0">
    <skipped/>
  </testcase> <!-- addNewCat -->
  <testcase classname="TestClasses.AdminManagerTest" name="editLastCart" time="0.0">
    <skipped/>
  </testcase> <!-- editLastCart -->
  <testcase classname="TestClasses.AdminManagerTest" name="delLastCategory" time="0.0">
    <skipped/>
  </testcase> <!-- delLastCategory -->
  <testcase classname="TestClasses.AdminManagerTest" name="checkClikabilityOfSkill" time="0.0">
    <skipped/>
  </testcase> <!-- checkClikabilityOfSkill -->
  <testcase classname="TestClasses.AdminManagerTest" name="addNewSkill" time="0.0">
    <skipped/>
  </testcase> <!-- addNewSkill -->
  <testcase classname="TestClasses.AdminManagerTest" name="delLastSkill" time="0.0">
    <skipped/>
  </testcase> <!-- delLastSkill -->
</testsuite> <!-- admin-manage -->
